<?xml version="1.0" encoding="UTF-8"?>
<!-- Generated by org.testng.reporters.JUnitReportReporter -->
<testsuite hostname="DESKTOP-BO37V1N" failures="0" tests="1" name="tests.BaseClass" time="0.014" errors="0" timestamp="2021-07-17T18:48:08 WAT" skipped="0">
  <testcase classname="tests.BaseClass" name="sampleTest" time="0.014"/>
  <system-out/>
</testsuite> <!-- tests.BaseClass -->
